<?xml version="1.0" encoding="UTF-8"?>
<!-- Generated by org.testng.reporters.JUnitXMLReporter -->
<testsuite ignored="0" hostname="DESKTOP-1JLO8E0" failures="0" tests="4" name="BS23 Test" time="89.636" errors="0" timestamp="2022-07-04T15:57:20 BDT">
  <testcase classname="com.appium.Tasks.AddtoCart" name="SelectingLumia" time="45.42"/>
  <testcase classname="com.appium.Tasks.AddtoCart" name="AddingLumiatoCart" time="7.165"/>
  <testcase classname="com.appium.Tasks.AddtoCart" name="GotoCheckout" time="4.577"/>
  <testcase classname="com.appium.Tasks.AddtoCart" name="ProvidingAddress" time="32.413"/>
</testsuite> <!-- BS23 Test -->
