<?xml version="1.0" encoding="UTF-8"?>
<!-- Generated by org.testng.reporters.JUnitXMLReporter -->
<testsuite ignored="0" hostname="DESKTOP-1JLO8E0" failures="0" tests="7" name="Default test" time="120.579" errors="0" timestamp="2022-07-04T22:07:14 BDT">
  <testcase classname="com.appium.Tasks.AddtoCart" name="SelectingLumia" time="44.683"/>
  <testcase classname="com.appium.Tasks.AddtoCart" name="AddingLumiatoCart" time="10.734"/>
  <testcase classname="com.appium.Tasks.AddtoCart" name="GotoCheckout" time="6.698"/>
  <testcase classname="com.appium.Tasks.AddtoCart" name="ProvidingAddress" time="28.567"/>
  <testcase classname="com.appium.Tasks.AddtoCart" name="ShiipingAndPayment" time="5.514"/>
  <testcase classname="com.appium.Tasks.AddtoCart" name="Payment" time="15.702"/>
  <testcase classname="com.appium.Tasks.AddtoCart" name="CheckConfirmation" time="8.633"/>
</testsuite> <!-- Default test -->
