<?xml version="1.0" encoding="UTF-8"?>
<testng-results ignored="0" total="7" passed="7" failed="0" skipped="0">
  <reporter-output>
  </reporter-output>
  <suite started-at="2022-07-04T22:05:12 BDT" name="Default suite" finished-at="2022-07-04T22:07:12 BDT" duration-ms="120579">
    <groups>
    </groups>
    <test started-at="2022-07-04T22:05:12 BDT" name="Default test" finished-at="2022-07-04T22:07:12 BDT" duration-ms="120579">
      <class name="com.appium.Tasks.AddtoCart">
        <test-method signature="SelectingLumia()[pri:1, instance:com.appium.Tasks.AddtoCart@5ae50ce6]" started-at="2022-07-04T22:05:12 BDT" name="SelectingLumia" finished-at="2022-07-04T22:05:56 BDT" duration-ms="44683" status="PASS">
          <reporter-output>
          </reporter-output>
        </test-method> <!-- SelectingLumia -->
        <test-method signature="AddingLumiatoCart()[pri:2, instance:com.appium.Tasks.AddtoCart@5ae50ce6]" started-at="2022-07-04T22:05:56 BDT" name="AddingLumiatoCart" finished-at="2022-07-04T22:06:07 BDT" duration-ms="10734" status="PASS">
          <reporter-output>
          </reporter-output>
        </test-method> <!-- AddingLumiatoCart -->
        <test-method signature="GotoCheckout()[pri:3, instance:com.appium.Tasks.AddtoCart@5ae50ce6]" started-at="2022-07-04T22:06:07 BDT" name="GotoCheckout" finished-at="2022-07-04T22:06:14 BDT" duration-ms="6698" status="PASS">
          <reporter-output>
          </reporter-output>
        </test-method> <!-- GotoCheckout -->
        <test-method signature="ProvidingAddress()[pri:4, instance:com.appium.Tasks.AddtoCart@5ae50ce6]" started-at="2022-07-04T22:06:14 BDT" name="ProvidingAddress" finished-at="2022-07-04T22:06:42 BDT" duration-ms="28567" status="PASS">
          <reporter-output>
          </reporter-output>
        </test-method> <!-- ProvidingAddress -->
        <test-method signature="ShiipingAndPayment()[pri:5, instance:com.appium.Tasks.AddtoCart@5ae50ce6]" started-at="2022-07-04T22:06:42 BDT" name="ShiipingAndPayment" finished-at="2022-07-04T22:06:48 BDT" duration-ms="5514" status="PASS">
          <reporter-output>
          </reporter-output>
        </test-method> <!-- ShiipingAndPayment -->
        <test-method signature="Payment()[pri:6, instance:com.appium.Tasks.AddtoCart@5ae50ce6]" started-at="2022-07-04T22:06:48 BDT" name="Payment" finished-at="2022-07-04T22:07:04 BDT" duration-ms="15702" status="PASS">
          <reporter-output>
          </reporter-output>
        </test-method> <!-- Payment -->
        <test-method signature="CheckConfirmation()[pri:7, instance:com.appium.Tasks.AddtoCart@5ae50ce6]" started-at="2022-07-04T22:07:04 BDT" name="CheckConfirmation" finished-at="2022-07-04T22:07:12 BDT" duration-ms="8633" status="PASS">
          <reporter-output>
          </reporter-output>
        </test-method> <!-- CheckConfirmation -->
      </class> <!-- com.appium.Tasks.AddtoCart -->
    </test> <!-- Default test -->
  </suite> <!-- Default suite -->
</testng-results>
